diff --git a/lxzhASS/LxzhControl/ColorBoxDesginer.cs b/lxzhASS/LxzhControl/ColorBoxDesginer.cs
index 2819506..63d7f9b 100644
--- a/lxzhASS/LxzhControl/ColorBoxDesginer.cs
+++ b/lxzhASS/LxzhControl/ColorBoxDesginer.cs
@@ -1,7 +1,4 @@
-﻿using System;
-using System.Collections.Generic;
-using System.Text;
-
+﻿
 using System.Windows.Forms.Design;
 
 namespace lxzh
diff --git a/lxzhASS/LxzhControl/ImageProcessBox.Designer.cs b/lxzhASS/LxzhControl/ImageProcessBox.Designer.cs
index 80d1226..d4b773e 100644
--- a/lxzhASS/LxzhControl/ImageProcessBox.Designer.cs
+++ b/lxzhASS/LxzhControl/ImageProcessBox.Designer.cs
@@ -29,9 +29,11 @@
             // 
             // ImageProcessBox
             // 
-            this.BackColor = System.Drawing.Color.Black;
-            this.Dock = System.Windows.Forms.DockStyle.Fill;
+            this.BackColor = System.Drawing.Color.Transparent;
+            this.DoubleBuffered = true;
             this.ForeColor = System.Drawing.Color.White;
+            this.Name = "ImageProcessBox";
+            this.Size = new System.Drawing.Size(971, 437);
             this.KeyPress += new System.Windows.Forms.KeyPressEventHandler(this.ImageProcessBox_KeyPress);
             this.ResumeLayout(false);
 
diff --git a/lxzhASS/LxzhControl/ImageProcessBox.cs b/lxzhASS/LxzhControl/ImageProcessBox.cs
index f28653c..b01433c 100644
--- a/lxzhASS/LxzhControl/ImageProcessBox.cs
+++ b/lxzhASS/LxzhControl/ImageProcessBox.cs
@@ -1,9 +1,6 @@
-﻿using System;
-using System.Collections.Generic;
+﻿using System;
 using System.ComponentModel;
-using System.Drawing;
-using System.Data;
-using System.Text;
+using System.Drawing;
 using System.Windows.Forms;
 
 using System.Drawing.Imaging;
@@ -12,7 +9,7 @@ using System.Drawing.Drawing2D;
 
 namespace lxzh
 {
-    public partial class ImageProcessBox : Control
+    public partial class ImageProcessBox : UserControl
     {
 
         #region Member variable
diff --git a/lxzhASS/LxzhControl/LCheckBox.cs b/lxzhASS/LxzhControl/LCheckBox.cs
index 2e3e8a9..c45fc26 100644
--- a/lxzhASS/LxzhControl/LCheckBox.cs
+++ b/lxzhASS/LxzhControl/LCheckBox.cs
@@ -1,10 +1,4 @@
-﻿using System;
-using System.Collections.Generic;
-using System.ComponentModel;
-using System.Drawing;
-using System.Data;
-using System.Linq;
-using System.Text;
+﻿using System.ComponentModel;
 using System.Windows.Forms;
 
 namespace lxzh {
diff --git a/lxzhASS/LxzhControl/LComboBox.cs b/lxzhASS/LxzhControl/LComboBox.cs
index b2c1c72..5543e10 100644
--- a/lxzhASS/LxzhControl/LComboBox.cs
+++ b/lxzhASS/LxzhControl/LComboBox.cs
@@ -1,10 +1,4 @@
-﻿using System;
-using System.Collections.Generic;
-using System.ComponentModel;
-using System.Drawing;
-using System.Data;
-using System.Linq;
-using System.Text;
+﻿using System.ComponentModel;
 using System.Windows.Forms;
 
 namespace lxzh {
diff --git a/lxzhASS/LxzhControl/LTextBox.cs b/lxzhASS/LxzhControl/LTextBox.cs
index 7d48856..985df13 100644
--- a/lxzhASS/LxzhControl/LTextBox.cs
+++ b/lxzhASS/LxzhControl/LTextBox.cs
@@ -1,10 +1,4 @@
-﻿using System;
-using System.Collections.Generic;
-using System.ComponentModel;
-using System.Drawing;
-using System.Data;
-using System.Linq;
-using System.Text;
+﻿using System.ComponentModel;
 using System.Windows.Forms;
 
 namespace lxzh {
diff --git a/lxzhASS/LxzhControl/LxzhAlphaTextBox.cs b/lxzhASS/LxzhControl/LxzhAlphaTextBox.cs
index e31642d..374707a 100644
--- a/lxzhASS/LxzhControl/LxzhAlphaTextBox.cs
+++ b/lxzhASS/LxzhControl/LxzhAlphaTextBox.cs
@@ -1,8 +1,6 @@
-using System;
-using System.Collections;
+using System;
 using System.ComponentModel;
-using System.Drawing;
-using System.Data;
+using System.Drawing;
 using System.Windows.Forms;
 using System.Drawing.Imaging;
 
diff --git a/lxzhASS/LxzhControl/LxzhColorBox.cs b/lxzhASS/LxzhControl/LxzhColorBox.cs
index 031c2fb..e532521 100644
--- a/lxzhASS/LxzhControl/LxzhColorBox.cs
+++ b/lxzhASS/LxzhControl/LxzhColorBox.cs
@@ -1,9 +1,6 @@
-﻿using System;
-using System.Collections.Generic;
+﻿using System;
 using System.ComponentModel;
-using System.Drawing;
-using System.Data;
-using System.Text;
+using System.Drawing;
 using System.Windows.Forms;
 
 namespace lxzh
diff --git a/lxzhASS/LxzhControl/LxzhTextInput.cs b/lxzhASS/LxzhControl/LxzhTextInput.cs
index cd81061..2fe9c16 100644
--- a/lxzhASS/LxzhControl/LxzhTextInput.cs
+++ b/lxzhASS/LxzhControl/LxzhTextInput.cs
@@ -1,8 +1,6 @@
-﻿using System;
-using System.Text;
-using System.Windows.Forms;
-using System.Security.Permissions;
-
+﻿using System;
+using System.Windows.Forms;
+
 namespace lxzh {
     public partial class LxzhTextInput : TextBox {
 
diff --git a/lxzhASS/LxzhControl/LxzhTipLabel.cs b/lxzhASS/LxzhControl/LxzhTipLabel.cs
index 526554b..759620c 100644
--- a/lxzhASS/LxzhControl/LxzhTipLabel.cs
+++ b/lxzhASS/LxzhControl/LxzhTipLabel.cs
@@ -1,10 +1,4 @@
-﻿using System;
-using System.Collections.Generic;
-using System.ComponentModel;
-using System.Drawing;
-using System.Data;
-using System.Linq;
-using System.Text;
+﻿using System;
 using System.Windows.Forms;
 
 namespace lxzh {
diff --git a/lxzhASS/LxzhControl/LxzhToolButton.cs b/lxzhASS/LxzhControl/LxzhToolButton.cs
index 0cbe292..7c5f3b8 100644
--- a/lxzhASS/LxzhControl/LxzhToolButton.cs
+++ b/lxzhASS/LxzhControl/LxzhToolButton.cs
@@ -1,9 +1,6 @@
-﻿using System;
-using System.Collections.Generic;
+﻿using System;
 using System.ComponentModel;
-using System.Drawing;
-using System.Data;
-using System.Text;
+using System.Drawing;
 using System.Windows.Forms;
 using System.Drawing.Drawing2D;
 
diff --git a/lxzhASS/LxzhControl/ToolButtonDesigner.cs b/lxzhASS/LxzhControl/ToolButtonDesigner.cs
index 5f7b48a..c66b4e0 100644
--- a/lxzhASS/LxzhControl/ToolButtonDesigner.cs
+++ b/lxzhASS/LxzhControl/ToolButtonDesigner.cs
@@ -1,7 +1,4 @@
-﻿using System;
-using System.Collections.Generic;
-using System.Text;
-
+﻿
 using System.Windows.Forms.Design;
 using System.Drawing;
 
